0 info it worked if it ends with ok
1 verbose cli [ 'C:\\Program Files (x86)\\nodejs\\node.exe',
1 verbose cli   'C:\\Program Files (x86)\\nodejs\\node_modules\\npm\\bin\\npm-cli.js',
1 verbose cli   'run',
1 verbose cli   'dev' ]
2 info using npm@3.10.10
3 info using node@v7.2.1
4 verbose run-script [ 'predev', 'dev', 'postdev' ]
5 info lifecycle vue-demo-maizuo@1.0.0~predev: vue-demo-maizuo@1.0.0
6 silly lifecycle vue-demo-maizuo@1.0.0~predev: no script for predev, continuing
7 info lifecycle vue-demo-maizuo@1.0.0~dev: vue-demo-maizuo@1.0.0
8 verbose lifecycle vue-demo-maizuo@1.0.0~dev: unsafe-perm in lifecycle true
9 verbose lifecycle vue-demo-maizuo@1.0.0~dev: PATH: C:\Program Files (x86)\nodejs\node_modules\npm\bin\node-gyp-bin;D:\111_李炽荣空间\vue\vue-demo-mai-zuo\node_modules\.bin;D:\Program Files\Java\jdk1.8.0_73\bin;C:\ProgramData\Oracle\Java\javapath;C:\Program Files (x86)\Lenovo\FusionEngine;C:\WINDOWS\system32;C:\WINDOWS;C:\WINDOWS\System32\Wbem;C:\WINDOWS\System32\WindowsPowerShell\v1.0\;C:\Program Files (x86)\Common Files\lenovo\easyplussdk\bin;C:\Program Files (x86)\ATI Technologies\ATI.ACE\Core-Static;C:\Program Files (x86)\nodejs\;C:\Users\李锐兴\AppData\Local\Microsoft\WindowsApps;C:\Users\李锐兴\AppData\Roaming\npm
10 verbose lifecycle vue-demo-maizuo@1.0.0~dev: CWD: D:\111_李炽荣空间\vue\vue-demo-mai-zuo
11 silly lifecycle vue-demo-maizuo@1.0.0~dev: Args: [ '/d /s /c', 'node build/dev-server.js' ]
12 silly lifecycle vue-demo-maizuo@1.0.0~dev: Returned: code: 3221225786  signal: null
13 info lifecycle vue-demo-maizuo@1.0.0~dev: Failed to exec dev script
14 verbose stack Error: vue-demo-maizuo@1.0.0 dev: `node build/dev-server.js`
14 verbose stack Exit status 3221225786
14 verbose stack     at EventEmitter.<anonymous> (C:\Program Files (x86)\nodejs\node_modules\npm\lib\utils\lifecycle.js:255:16)
14 verbose stack     at emitTwo (events.js:106:13)
14 verbose stack     at EventEmitter.emit (events.js:191:7)
14 verbose stack     at ChildProcess.<anonymous> (C:\Program Files (x86)\nodejs\node_modules\npm\lib\utils\spawn.js:40:14)
14 verbose stack     at emitTwo (events.js:106:13)
14 verbose stack     at ChildProcess.emit (events.js:191:7)
14 verbose stack     at maybeClose (internal/child_process.js:885:16)
14 verbose stack     at Process.ChildProcess._handle.onexit (internal/child_process.js:226:5)
15 verbose pkgid vue-demo-maizuo@1.0.0
16 verbose cwd D:\111_李炽荣空间\vue\vue-demo-mai-zuo
17 error Windows_NT 10.0.14393
18 error argv "C:\\Program Files (x86)\\nodejs\\node.exe" "C:\\Program Files (x86)\\nodejs\\node_modules\\npm\\bin\\npm-cli.js" "run" "dev"
19 error node v7.2.1
20 error npm  v3.10.10
21 error code ELIFECYCLE
22 error vue-demo-maizuo@1.0.0 dev: `node build/dev-server.js`
22 error Exit status 3221225786
23 error Failed at the vue-demo-maizuo@1.0.0 dev script 'node build/dev-server.js'.
23 error Make sure you have the latest version of node.js and npm installed.
23 error If you do, this is most likely a problem with the vue-demo-maizuo package,
23 error not with npm itself.
23 error Tell the author that this fails on your system:
23 error     node build/dev-server.js
23 error You can get information on how to open an issue for this project with:
23 error     npm bugs vue-demo-maizuo
23 error Or if that isn't available, you can get their info via:
23 error     npm owner ls vue-demo-maizuo
23 error There is likely additional logging output above.
24 verbose exit [ 1, true ]
